--- 2026-02-05T17:35:44+01:00 ---
session_email=theunknownman997@gmail.com
post_action=like
post_candidate=mikael.ylirotu@gmail.com
likes_after={"mikael.ylirotu@gmail.com":["theunknownman997@gmail.com"],"theunknownman997@gmail.com":["mikael.ylirotu@gmail.com","Mikyli@gmail.com"],"Mikyli@gmail.com":["theunknownman997@gmail.com","mikael.ylirotu@gmail.com"]}
matches_after={"theunknownman997@gmail.com":["mikael.ylirotu@gmail.com","Mikyli@gmail.com"],"mikael.ylirotu@gmail.com":["theunknownman997@gmail.com"],"Mikyli@gmail.com":["theunknownman997@gmail.com"]}
--- 2026-02-05T17:36:14+01:00 ---
session_email=theunknownman997@gmail.com
post_action=like
post_candidate=mikael.ylirotu@gmail.com
likes_after={"mikael.ylirotu@gmail.com":["theunknownman997@gmail.com"],"theunknownman997@gmail.com":["mikael.ylirotu@gmail.com","Mikyli@gmail.com"],"Mikyli@gmail.com":["theunknownman997@gmail.com","mikael.ylirotu@gmail.com"]}
matches_after={"theunknownman997@gmail.com":["mikael.ylirotu@gmail.com","Mikyli@gmail.com"],"mikael.ylirotu@gmail.com":["theunknownman997@gmail.com"],"Mikyli@gmail.com":["theunknownman997@gmail.com"]}
--- 2026-02-05T17:50:50+01:00 ---
session_email=theunknownman997@gmail.com
post_action=skip
post_candidate=mikael.ylirotu@gmail.com
skips_after={"theunknownman997@gmail.com":["mikael.ylirotu@gmail.com"]}
--- 2026-02-05T17:50:52+01:00 ---
session_email=theunknownman997@gmail.com
post_action=skip
post_candidate=mikael.ylirotu@gmail.com
skips_after={"theunknownman997@gmail.com":["mikael.ylirotu@gmail.com"]}
--- 2026-02-05T17:52:49+01:00 ---
session_email=theunknownman997@gmail.com
post_action=skip
post_candidate=Mikyli@gmail.com
skips_after={"theunknownman997@gmail.com":["mikael.ylirotu@gmail.com","Mikyli@gmail.com"]}
--- 2026-02-05T17:52:50+01:00 ---
session_email=theunknownman997@gmail.com
post_action=skip
post_candidate=Mikyli@gmail.com
skips_after={"theunknownman997@gmail.com":["mikael.ylirotu@gmail.com","Mikyli@gmail.com"]}
--- 2026-02-05T17:52:51+01:00 ---
session_email=theunknownman997@gmail.com
post_action=like
post_candidate=Mikyli@gmail.com
likes_after={"mikael.ylirotu@gmail.com":["theunknownman997@gmail.com"],"theunknownman997@gmail.com":["mikael.ylirotu@gmail.com","Mikyli@gmail.com"],"Mikyli@gmail.com":["theunknownman997@gmail.com","mikael.ylirotu@gmail.com"]}
matches_after={"theunknownman997@gmail.com":["mikael.ylirotu@gmail.com","Mikyli@gmail.com"],"mikael.ylirotu@gmail.com":["theunknownman997@gmail.com"],"Mikyli@gmail.com":["theunknownman997@gmail.com"]}
--- 2026-02-05T17:52:52+01:00 ---
session_email=theunknownman997@gmail.com
post_action=like
post_candidate=Mikyli@gmail.com
likes_after={"mikael.ylirotu@gmail.com":["theunknownman997@gmail.com"],"theunknownman997@gmail.com":["mikael.ylirotu@gmail.com","Mikyli@gmail.com"],"Mikyli@gmail.com":["theunknownman997@gmail.com","mikael.ylirotu@gmail.com"]}
matches_after={"theunknownman997@gmail.com":["mikael.ylirotu@gmail.com","Mikyli@gmail.com"],"mikael.ylirotu@gmail.com":["theunknownman997@gmail.com"],"Mikyli@gmail.com":["theunknownman997@gmail.com"]}
--- 2026-02-05T17:52:53+01:00 ---
session_email=theunknownman997@gmail.com
post_action=like
post_candidate=mikael.ylirotu@gmail.com
likes_after={"mikael.ylirotu@gmail.com":["theunknownman997@gmail.com"],"theunknownman997@gmail.com":["mikael.ylirotu@gmail.com","Mikyli@gmail.com"],"Mikyli@gmail.com":["theunknownman997@gmail.com","mikael.ylirotu@gmail.com"]}
matches_after={"theunknownman997@gmail.com":["mikael.ylirotu@gmail.com","Mikyli@gmail.com"],"mikael.ylirotu@gmail.com":["theunknownman997@gmail.com"],"Mikyli@gmail.com":["theunknownman997@gmail.com"]}
--- 2026-02-05T17:52:54+01:00 ---
session_email=theunknownman997@gmail.com
post_action=skip
post_candidate=mikael.ylirotu@gmail.com
skips_after={"theunknownman997@gmail.com":["mikael.ylirotu@gmail.com","Mikyli@gmail.com"]}
--- 2026-02-05T17:52:55+01:00 ---
session_email=theunknownman997@gmail.com
post_action=skip
post_candidate=Mikyli@gmail.com
skips_after={"theunknownman997@gmail.com":["mikael.ylirotu@gmail.com","Mikyli@gmail.com"]}
--- 2026-02-05T17:52:56+01:00 ---
session_email=theunknownman997@gmail.com
post_action=skip
post_candidate=mikael.ylirotu@gmail.com
skips_after={"theunknownman997@gmail.com":["mikael.ylirotu@gmail.com","Mikyli@gmail.com"]}
--- 2026-02-05T17:52:57+01:00 ---
session_email=theunknownman997@gmail.com
post_action=skip
post_candidate=Mikyli@gmail.com
skips_after={"theunknownman997@gmail.com":["mikael.ylirotu@gmail.com","Mikyli@gmail.com"]}
--- 2026-02-05T17:52:57+01:00 ---
session_email=theunknownman997@gmail.com
post_action=skip
post_candidate=mikael.ylirotu@gmail.com
skips_after={"theunknownman997@gmail.com":["mikael.ylirotu@gmail.com","Mikyli@gmail.com"]}
--- 2026-02-05T17:52:58+01:00 ---
session_email=theunknownman997@gmail.com
post_action=skip
post_candidate=mikael.ylirotu@gmail.com
skips_after={"theunknownman997@gmail.com":["mikael.ylirotu@gmail.com","Mikyli@gmail.com"]}
--- 2026-02-05T17:52:59+01:00 ---
session_email=theunknownman997@gmail.com
post_action=skip
post_candidate=Mikyli@gmail.com
skips_after={"theunknownman997@gmail.com":["mikael.ylirotu@gmail.com","Mikyli@gmail.com"]}
--- 2026-02-05T17:53:00+01:00 ---
session_email=theunknownman997@gmail.com
post_action=skip
post_candidate=mikael.ylirotu@gmail.com
skips_after={"theunknownman997@gmail.com":["mikael.ylirotu@gmail.com","Mikyli@gmail.com"]}
--- 2026-02-05T17:53:01+01:00 ---
session_email=theunknownman997@gmail.com
post_action=skip
post_candidate=mikael.ylirotu@gmail.com
skips_after={"theunknownman997@gmail.com":["mikael.ylirotu@gmail.com","Mikyli@gmail.com"]}
--- 2026-02-05T17:53:01+01:00 ---
session_email=theunknownman997@gmail.com
post_action=skip
post_candidate=mikael.ylirotu@gmail.com
skips_after={"theunknownman997@gmail.com":["mikael.ylirotu@gmail.com","Mikyli@gmail.com"]}
--- 2026-02-05T17:53:02+01:00 ---
session_email=theunknownman997@gmail.com
post_action=skip
post_candidate=mikael.ylirotu@gmail.com
skips_after={"theunknownman997@gmail.com":["mikael.ylirotu@gmail.com","Mikyli@gmail.com"]}
--- 2026-02-05T17:53:03+01:00 ---
session_email=theunknownman997@gmail.com
post_action=like
post_candidate=mikael.ylirotu@gmail.com
likes_after={"mikael.ylirotu@gmail.com":["theunknownman997@gmail.com"],"theunknownman997@gmail.com":["mikael.ylirotu@gmail.com","Mikyli@gmail.com"],"Mikyli@gmail.com":["theunknownman997@gmail.com","mikael.ylirotu@gmail.com"]}
matches_after={"theunknownman997@gmail.com":["mikael.ylirotu@gmail.com","Mikyli@gmail.com"],"mikael.ylirotu@gmail.com":["theunknownman997@gmail.com"],"Mikyli@gmail.com":["theunknownman997@gmail.com"]}
--- 2026-02-05T17:53:03+01:00 ---
session_email=theunknownman997@gmail.com
post_action=like
post_candidate=Mikyli@gmail.com
likes_after={"mikael.ylirotu@gmail.com":["theunknownman997@gmail.com"],"theunknownman997@gmail.com":["mikael.ylirotu@gmail.com","Mikyli@gmail.com"],"Mikyli@gmail.com":["theunknownman997@gmail.com","mikael.ylirotu@gmail.com"]}
matches_after={"theunknownman997@gmail.com":["mikael.ylirotu@gmail.com","Mikyli@gmail.com"],"mikael.ylirotu@gmail.com":["theunknownman997@gmail.com"],"Mikyli@gmail.com":["theunknownman997@gmail.com"]}
--- 2026-02-05T17:53:04+01:00 ---
session_email=theunknownman997@gmail.com
post_action=like
post_candidate=Mikyli@gmail.com
likes_after={"mikael.ylirotu@gmail.com":["theunknownman997@gmail.com"],"theunknownman997@gmail.com":["mikael.ylirotu@gmail.com","Mikyli@gmail.com"],"Mikyli@gmail.com":["theunknownman997@gmail.com","mikael.ylirotu@gmail.com"]}
matches_after={"theunknownman997@gmail.com":["mikael.ylirotu@gmail.com","Mikyli@gmail.com"],"mikael.ylirotu@gmail.com":["theunknownman997@gmail.com"],"Mikyli@gmail.com":["theunknownman997@gmail.com"]}
--- 2026-02-05T17:53:05+01:00 ---
session_email=theunknownman997@gmail.com
post_action=like
post_candidate=mikael.ylirotu@gmail.com
likes_after={"mikael.ylirotu@gmail.com":["theunknownman997@gmail.com"],"theunknownman997@gmail.com":["mikael.ylirotu@gmail.com","Mikyli@gmail.com"],"Mikyli@gmail.com":["theunknownman997@gmail.com","mikael.ylirotu@gmail.com"]}
matches_after={"theunknownman997@gmail.com":["mikael.ylirotu@gmail.com","Mikyli@gmail.com"],"mikael.ylirotu@gmail.com":["theunknownman997@gmail.com"],"Mikyli@gmail.com":["theunknownman997@gmail.com"]}
--- 2026-02-05T17:53:11+01:00 ---
session_email=Mikyli@gmail.com
post_action=like
post_candidate=mikael.ylirotu@gmail.com
likes_after={"mikael.ylirotu@gmail.com":["theunknownman997@gmail.com"],"theunknownman997@gmail.com":["mikael.ylirotu@gmail.com","Mikyli@gmail.com"],"Mikyli@gmail.com":["theunknownman997@gmail.com","mikael.ylirotu@gmail.com"]}
matches_after={"theunknownman997@gmail.com":["mikael.ylirotu@gmail.com","Mikyli@gmail.com"],"mikael.ylirotu@gmail.com":["theunknownman997@gmail.com"],"Mikyli@gmail.com":["theunknownman997@gmail.com"]}
--- 2026-02-05T17:53:12+01:00 ---
session_email=Mikyli@gmail.com
post_action=like
post_candidate=theunknownman997@gmail.com
likes_after={"mikael.ylirotu@gmail.com":["theunknownman997@gmail.com"],"theunknownman997@gmail.com":["mikael.ylirotu@gmail.com","Mikyli@gmail.com"],"Mikyli@gmail.com":["theunknownman997@gmail.com","mikael.ylirotu@gmail.com"]}
matches_after={"theunknownman997@gmail.com":["mikael.ylirotu@gmail.com","Mikyli@gmail.com"],"mikael.ylirotu@gmail.com":["theunknownman997@gmail.com"],"Mikyli@gmail.com":["theunknownman997@gmail.com"]}
--- 2026-02-05T17:53:12+01:00 ---
session_email=Mikyli@gmail.com
post_action=like
post_candidate=mikael.ylirotu@gmail.com
likes_after={"mikael.ylirotu@gmail.com":["theunknownman997@gmail.com"],"theunknownman997@gmail.com":["mikael.ylirotu@gmail.com","Mikyli@gmail.com"],"Mikyli@gmail.com":["theunknownman997@gmail.com","mikael.ylirotu@gmail.com"]}
matches_after={"theunknownman997@gmail.com":["mikael.ylirotu@gmail.com","Mikyli@gmail.com"],"mikael.ylirotu@gmail.com":["theunknownman997@gmail.com"],"Mikyli@gmail.com":["theunknownman997@gmail.com"]}
--- 2026-02-05T17:53:13+01:00 ---
session_email=Mikyli@gmail.com
post_action=like
post_candidate=mikael.ylirotu@gmail.com
likes_after={"mikael.ylirotu@gmail.com":["theunknownman997@gmail.com"],"theunknownman997@gmail.com":["mikael.ylirotu@gmail.com","Mikyli@gmail.com"],"Mikyli@gmail.com":["theunknownman997@gmail.com","mikael.ylirotu@gmail.com"]}
matches_after={"theunknownman997@gmail.com":["mikael.ylirotu@gmail.com","Mikyli@gmail.com"],"mikael.ylirotu@gmail.com":["theunknownman997@gmail.com"],"Mikyli@gmail.com":["theunknownman997@gmail.com"]}
--- 2026-02-05T17:53:15+01:00 ---
session_email=theunknownman997@gmail.com
post_action=like
post_candidate=mikael.ylirotu@gmail.com
likes_after={"mikael.ylirotu@gmail.com":["theunknownman997@gmail.com"],"theunknownman997@gmail.com":["mikael.ylirotu@gmail.com","Mikyli@gmail.com"],"Mikyli@gmail.com":["theunknownman997@gmail.com","mikael.ylirotu@gmail.com"]}
matches_after={"theunknownman997@gmail.com":["mikael.ylirotu@gmail.com","Mikyli@gmail.com"],"mikael.ylirotu@gmail.com":["theunknownman997@gmail.com"],"Mikyli@gmail.com":["theunknownman997@gmail.com"]}
--- 2026-02-05T17:53:16+01:00 ---
session_email=theunknownman997@gmail.com
post_action=like
post_candidate=Mikyli@gmail.com
likes_after={"mikael.ylirotu@gmail.com":["theunknownman997@gmail.com"],"theunknownman997@gmail.com":["mikael.ylirotu@gmail.com","Mikyli@gmail.com"],"Mikyli@gmail.com":["theunknownman997@gmail.com","mikael.ylirotu@gmail.com"]}
matches_after={"theunknownman997@gmail.com":["mikael.ylirotu@gmail.com","Mikyli@gmail.com"],"mikael.ylirotu@gmail.com":["theunknownman997@gmail.com"],"Mikyli@gmail.com":["theunknownman997@gmail.com"]}
--- 2026-02-05T17:53:35+01:00 ---
session_email=theunknownman997@gmail.com
post_action=like
post_candidate=mikael.ylirotu@gmail.com
likes_after={"mikael.ylirotu@gmail.com":["theunknownman997@gmail.com"],"theunknownman997@gmail.com":["mikael.ylirotu@gmail.com","Mikyli@gmail.com"],"Mikyli@gmail.com":["theunknownman997@gmail.com","mikael.ylirotu@gmail.com"]}
matches_after={"theunknownman997@gmail.com":["mikael.ylirotu@gmail.com","Mikyli@gmail.com"],"mikael.ylirotu@gmail.com":["theunknownman997@gmail.com"],"Mikyli@gmail.com":["theunknownman997@gmail.com"]}
--- 2026-02-05T17:53:36+01:00 ---
session_email=theunknownman997@gmail.com
post_action=skip
post_candidate=mikael.ylirotu@gmail.com
skips_after={"theunknownman997@gmail.com":["mikael.ylirotu@gmail.com","Mikyli@gmail.com"]}
--- 2026-02-05T17:53:37+01:00 ---
session_email=theunknownman997@gmail.com
post_action=skip
post_candidate=mikael.ylirotu@gmail.com
skips_after={"theunknownman997@gmail.com":["mikael.ylirotu@gmail.com","Mikyli@gmail.com"]}
--- 2026-02-05T17:53:38+01:00 ---
session_email=theunknownman997@gmail.com
post_action=skip
post_candidate=Mikyli@gmail.com
skips_after={"theunknownman997@gmail.com":["mikael.ylirotu@gmail.com","Mikyli@gmail.com"]}
--- 2026-02-05T17:53:39+01:00 ---
session_email=theunknownman997@gmail.com
post_action=skip
post_candidate=Mikyli@gmail.com
skips_after={"theunknownman997@gmail.com":["mikael.ylirotu@gmail.com","Mikyli@gmail.com"]}
--- 2026-02-05T17:53:40+01:00 ---
session_email=theunknownman997@gmail.com
post_action=skip
post_candidate=mikael.ylirotu@gmail.com
skips_after={"theunknownman997@gmail.com":["mikael.ylirotu@gmail.com","Mikyli@gmail.com"]}
--- 2026-02-05T17:56:35+01:00 ---
session_email=Mikyli@gmail.com
post_action=skip
post_candidate=theunknownman997@gmail.com
skips_after={"theunknownman997@gmail.com":["mikael.ylirotu@gmail.com","Mikyli@gmail.com"],"Mikyli@gmail.com":["theunknownman997@gmail.com"]}
--- 2026-02-05T17:56:36+01:00 ---
session_email=Mikyli@gmail.com
post_action=skip
post_candidate=theunknownman997@gmail.com
skips_after={"theunknownman997@gmail.com":["mikael.ylirotu@gmail.com","Mikyli@gmail.com"],"Mikyli@gmail.com":["theunknownman997@gmail.com"]}
--- 2026-02-05T17:56:38+01:00 ---
session_email=Mikyli@gmail.com
post_action=like
post_candidate=theunknownman997@gmail.com
likes_after={"mikael.ylirotu@gmail.com":["theunknownman997@gmail.com"],"theunknownman997@gmail.com":["mikael.ylirotu@gmail.com","Mikyli@gmail.com"],"Mikyli@gmail.com":["theunknownman997@gmail.com","mikael.ylirotu@gmail.com"]}
matches_after={"theunknownman997@gmail.com":["mikael.ylirotu@gmail.com","Mikyli@gmail.com"],"mikael.ylirotu@gmail.com":["theunknownman997@gmail.com"],"Mikyli@gmail.com":["theunknownman997@gmail.com"]}
--- 2026-02-05T17:56:39+01:00 ---
session_email=Mikyli@gmail.com
post_action=like
post_candidate=theunknownman997@gmail.com
likes_after={"mikael.ylirotu@gmail.com":["theunknownman997@gmail.com"],"theunknownman997@gmail.com":["mikael.ylirotu@gmail.com","Mikyli@gmail.com"],"Mikyli@gmail.com":["theunknownman997@gmail.com","mikael.ylirotu@gmail.com"]}
matches_after={"theunknownman997@gmail.com":["mikael.ylirotu@gmail.com","Mikyli@gmail.com"],"mikael.ylirotu@gmail.com":["theunknownman997@gmail.com"],"Mikyli@gmail.com":["theunknownman997@gmail.com"]}
--- 2026-02-05T17:56:39+01:00 ---
session_email=Mikyli@gmail.com
post_action=like
post_candidate=theunknownman997@gmail.com
likes_after={"mikael.ylirotu@gmail.com":["theunknownman997@gmail.com"],"theunknownman997@gmail.com":["mikael.ylirotu@gmail.com","Mikyli@gmail.com"],"Mikyli@gmail.com":["theunknownman997@gmail.com","mikael.ylirotu@gmail.com"]}
matches_after={"theunknownman997@gmail.com":["mikael.ylirotu@gmail.com","Mikyli@gmail.com"],"mikael.ylirotu@gmail.com":["theunknownman997@gmail.com"],"Mikyli@gmail.com":["theunknownman997@gmail.com"]}
--- 2026-02-05T17:56:40+01:00 ---
session_email=Mikyli@gmail.com
post_action=skip
post_candidate=mikael.ylirotu@gmail.com
skips_after={"theunknownman997@gmail.com":["mikael.ylirotu@gmail.com","Mikyli@gmail.com"],"Mikyli@gmail.com":["theunknownman997@gmail.com","mikael.ylirotu@gmail.com"]}
--- 2026-02-05T17:56:41+01:00 ---
session_email=Mikyli@gmail.com
post_action=skip
post_candidate=theunknownman997@gmail.com
skips_after={"theunknownman997@gmail.com":["mikael.ylirotu@gmail.com","Mikyli@gmail.com"],"Mikyli@gmail.com":["theunknownman997@gmail.com","mikael.ylirotu@gmail.com"]}
--- 2026-02-05T17:56:42+01:00 ---
session_email=Mikyli@gmail.com
post_action=skip
post_candidate=mikael.ylirotu@gmail.com
skips_after={"theunknownman997@gmail.com":["mikael.ylirotu@gmail.com","Mikyli@gmail.com"],"Mikyli@gmail.com":["theunknownman997@gmail.com","mikael.ylirotu@gmail.com"]}
--- 2026-02-05T17:56:43+01:00 ---
session_email=Mikyli@gmail.com
post_action=skip
post_candidate=theunknownman997@gmail.com
skips_after={"theunknownman997@gmail.com":["mikael.ylirotu@gmail.com","Mikyli@gmail.com"],"Mikyli@gmail.com":["theunknownman997@gmail.com","mikael.ylirotu@gmail.com"]}
--- 2026-02-05T17:56:43+01:00 ---
session_email=Mikyli@gmail.com
post_action=like
post_candidate=theunknownman997@gmail.com
likes_after={"mikael.ylirotu@gmail.com":["theunknownman997@gmail.com"],"theunknownman997@gmail.com":["mikael.ylirotu@gmail.com","Mikyli@gmail.com"],"Mikyli@gmail.com":["theunknownman997@gmail.com","mikael.ylirotu@gmail.com"]}
matches_after={"theunknownman997@gmail.com":["mikael.ylirotu@gmail.com","Mikyli@gmail.com"],"mikael.ylirotu@gmail.com":["theunknownman997@gmail.com"],"Mikyli@gmail.com":["theunknownman997@gmail.com"]}
--- 2026-02-05T17:56:52+01:00 ---
session_email=theunknownman997@gmail.com
post_action=like
post_candidate=Mikyli@gmail.com
likes_after={"mikael.ylirotu@gmail.com":["theunknownman997@gmail.com"],"theunknownman997@gmail.com":["mikael.ylirotu@gmail.com","Mikyli@gmail.com"],"Mikyli@gmail.com":["theunknownman997@gmail.com","mikael.ylirotu@gmail.com"]}
matches_after={"theunknownman997@gmail.com":["mikael.ylirotu@gmail.com","Mikyli@gmail.com"],"mikael.ylirotu@gmail.com":["theunknownman997@gmail.com"],"Mikyli@gmail.com":["theunknownman997@gmail.com"]}
--- 2026-02-05T17:56:53+01:00 ---
session_email=theunknownman997@gmail.com
post_action=like
post_candidate=mikael.ylirotu@gmail.com
likes_after={"mikael.ylirotu@gmail.com":["theunknownman997@gmail.com"],"theunknownman997@gmail.com":["mikael.ylirotu@gmail.com","Mikyli@gmail.com"],"Mikyli@gmail.com":["theunknownman997@gmail.com","mikael.ylirotu@gmail.com"]}
matches_after={"theunknownman997@gmail.com":["mikael.ylirotu@gmail.com","Mikyli@gmail.com"],"mikael.ylirotu@gmail.com":["theunknownman997@gmail.com"],"Mikyli@gmail.com":["theunknownman997@gmail.com"]}
--- 2026-02-05T17:56:54+01:00 ---
session_email=theunknownman997@gmail.com
post_action=skip
post_candidate=Mikyli@gmail.com
skips_after={"theunknownman997@gmail.com":["mikael.ylirotu@gmail.com","Mikyli@gmail.com"],"Mikyli@gmail.com":["theunknownman997@gmail.com","mikael.ylirotu@gmail.com"]}
--- 2026-02-05T17:56:55+01:00 ---
session_email=theunknownman997@gmail.com
post_action=like
post_candidate=mikael.ylirotu@gmail.com
likes_after={"mikael.ylirotu@gmail.com":["theunknownman997@gmail.com"],"theunknownman997@gmail.com":["mikael.ylirotu@gmail.com","Mikyli@gmail.com"],"Mikyli@gmail.com":["theunknownman997@gmail.com","mikael.ylirotu@gmail.com"]}
matches_after={"theunknownman997@gmail.com":["mikael.ylirotu@gmail.com","Mikyli@gmail.com"],"mikael.ylirotu@gmail.com":["theunknownman997@gmail.com"],"Mikyli@gmail.com":["theunknownman997@gmail.com"]}
--- 2026-02-05T17:56:56+01:00 ---
session_email=theunknownman997@gmail.com
post_action=skip
post_candidate=Mikyli@gmail.com
skips_after={"theunknownman997@gmail.com":["mikael.ylirotu@gmail.com","Mikyli@gmail.com"],"Mikyli@gmail.com":["theunknownman997@gmail.com","mikael.ylirotu@gmail.com"]}
--- 2026-02-05T17:56:56+01:00 ---
session_email=theunknownman997@gmail.com
post_action=like
post_candidate=mikael.ylirotu@gmail.com
likes_after={"mikael.ylirotu@gmail.com":["theunknownman997@gmail.com"],"theunknownman997@gmail.com":["mikael.ylirotu@gmail.com","Mikyli@gmail.com"],"Mikyli@gmail.com":["theunknownman997@gmail.com","mikael.ylirotu@gmail.com"]}
matches_after={"theunknownman997@gmail.com":["mikael.ylirotu@gmail.com","Mikyli@gmail.com"],"mikael.ylirotu@gmail.com":["theunknownman997@gmail.com"],"Mikyli@gmail.com":["theunknownman997@gmail.com"]}
--- 2026-02-05T17:56:57+01:00 ---
session_email=theunknownman997@gmail.com
post_action=skip
post_candidate=Mikyli@gmail.com
skips_after={"theunknownman997@gmail.com":["mikael.ylirotu@gmail.com","Mikyli@gmail.com"],"Mikyli@gmail.com":["theunknownman997@gmail.com","mikael.ylirotu@gmail.com"]}
--- 2026-02-05T17:56:57+01:00 ---
session_email=theunknownman997@gmail.com
post_action=like
post_candidate=mikael.ylirotu@gmail.com
likes_after={"mikael.ylirotu@gmail.com":["theunknownman997@gmail.com"],"theunknownman997@gmail.com":["mikael.ylirotu@gmail.com","Mikyli@gmail.com"],"Mikyli@gmail.com":["theunknownman997@gmail.com","mikael.ylirotu@gmail.com"]}
matches_after={"theunknownman997@gmail.com":["mikael.ylirotu@gmail.com","Mikyli@gmail.com"],"mikael.ylirotu@gmail.com":["theunknownman997@gmail.com"],"Mikyli@gmail.com":["theunknownman997@gmail.com"]}
--- 2026-02-05T17:56:58+01:00 ---
session_email=theunknownman997@gmail.com
post_action=like
post_candidate=mikael.ylirotu@gmail.com
likes_after={"mikael.ylirotu@gmail.com":["theunknownman997@gmail.com"],"theunknownman997@gmail.com":["mikael.ylirotu@gmail.com","Mikyli@gmail.com"],"Mikyli@gmail.com":["theunknownman997@gmail.com","mikael.ylirotu@gmail.com"]}
matches_after={"theunknownman997@gmail.com":["mikael.ylirotu@gmail.com","Mikyli@gmail.com"],"mikael.ylirotu@gmail.com":["theunknownman997@gmail.com"],"Mikyli@gmail.com":["theunknownman997@gmail.com"]}
--- 2026-02-05T17:56:59+01:00 ---
session_email=theunknownman997@gmail.com
post_action=skip
post_candidate=mikael.ylirotu@gmail.com
skips_after={"theunknownman997@gmail.com":["mikael.ylirotu@gmail.com","Mikyli@gmail.com"],"Mikyli@gmail.com":["theunknownman997@gmail.com","mikael.ylirotu@gmail.com"]}
--- 2026-02-05T17:57:02+01:00 ---
session_email=theunknownman997@gmail.com
post_action=like
post_candidate=mikael.ylirotu@gmail.com
likes_after={"mikael.ylirotu@gmail.com":["theunknownman997@gmail.com"],"theunknownman997@gmail.com":["mikael.ylirotu@gmail.com","Mikyli@gmail.com"],"Mikyli@gmail.com":["theunknownman997@gmail.com","mikael.ylirotu@gmail.com"]}
matches_after={"theunknownman997@gmail.com":["mikael.ylirotu@gmail.com","Mikyli@gmail.com"],"mikael.ylirotu@gmail.com":["theunknownman997@gmail.com"],"Mikyli@gmail.com":["theunknownman997@gmail.com"]}
--- 2026-02-05T17:57:04+01:00 ---
session_email=theunknownman997@gmail.com
post_action=skip
post_candidate=Mikyli@gmail.com
skips_after={"theunknownman997@gmail.com":["mikael.ylirotu@gmail.com","Mikyli@gmail.com"],"Mikyli@gmail.com":["theunknownman997@gmail.com","mikael.ylirotu@gmail.com"]}
--- 2026-02-05T17:57:06+01:00 ---
session_email=theunknownman997@gmail.com
post_action=like
post_candidate=mikael.ylirotu@gmail.com
likes_after={"mikael.ylirotu@gmail.com":["theunknownman997@gmail.com"],"theunknownman997@gmail.com":["mikael.ylirotu@gmail.com","Mikyli@gmail.com"],"Mikyli@gmail.com":["theunknownman997@gmail.com","mikael.ylirotu@gmail.com"]}
matches_after={"theunknownman997@gmail.com":["mikael.ylirotu@gmail.com","Mikyli@gmail.com"],"mikael.ylirotu@gmail.com":["theunknownman997@gmail.com"],"Mikyli@gmail.com":["theunknownman997@gmail.com"]}
--- 2026-02-05T19:41:33+01:00 ---
session_email=theunknownman997@gmail.com
post_action=skip
post_candidate=Mikyli@gmail.com
skips_after={"theunknownman997@gmail.com":["mikael.ylirotu@gmail.com","Mikyli@gmail.com"],"Mikyli@gmail.com":["theunknownman997@gmail.com","mikael.ylirotu@gmail.com"]}
--- 2026-02-05T19:41:37+01:00 ---
session_email=theunknownman997@gmail.com
post_action=like
post_candidate=mikael.ylirotu@gmail.com
likes_after={"mikael.ylirotu@gmail.com":["theunknownman997@gmail.com"],"theunknownman997@gmail.com":["mikael.ylirotu@gmail.com","Mikyli@gmail.com"],"Mikyli@gmail.com":["theunknownman997@gmail.com","mikael.ylirotu@gmail.com"]}
matches_after={"theunknownman997@gmail.com":["mikael.ylirotu@gmail.com","Mikyli@gmail.com"],"mikael.ylirotu@gmail.com":["theunknownman997@gmail.com"],"Mikyli@gmail.com":["theunknownman997@gmail.com"]}
--- 2026-02-05T19:41:39+01:00 ---
session_email=theunknownman997@gmail.com
post_action=like
post_candidate=Mikyli@gmail.com
likes_after={"mikael.ylirotu@gmail.com":["theunknownman997@gmail.com"],"theunknownman997@gmail.com":["mikael.ylirotu@gmail.com","Mikyli@gmail.com"],"Mikyli@gmail.com":["theunknownman997@gmail.com","mikael.ylirotu@gmail.com"]}
matches_after={"theunknownman997@gmail.com":["mikael.ylirotu@gmail.com","Mikyli@gmail.com"],"mikael.ylirotu@gmail.com":["theunknownman997@gmail.com"],"Mikyli@gmail.com":["theunknownman997@gmail.com"]}
--- 2026-02-05T19:41:40+01:00 ---
session_email=theunknownman997@gmail.com
post_action=like
post_candidate=mikael.ylirotu@gmail.com
likes_after={"mikael.ylirotu@gmail.com":["theunknownman997@gmail.com"],"theunknownman997@gmail.com":["mikael.ylirotu@gmail.com","Mikyli@gmail.com"],"Mikyli@gmail.com":["theunknownman997@gmail.com","mikael.ylirotu@gmail.com"]}
matches_after={"theunknownman997@gmail.com":["mikael.ylirotu@gmail.com","Mikyli@gmail.com"],"mikael.ylirotu@gmail.com":["theunknownman997@gmail.com"],"Mikyli@gmail.com":["theunknownman997@gmail.com"]}
--- 2026-02-05T19:41:41+01:00 ---
session_email=theunknownman997@gmail.com
post_action=like
post_candidate=Mikyli@gmail.com
likes_after={"mikael.ylirotu@gmail.com":["theunknownman997@gmail.com"],"theunknownman997@gmail.com":["mikael.ylirotu@gmail.com","Mikyli@gmail.com"],"Mikyli@gmail.com":["theunknownman997@gmail.com","mikael.ylirotu@gmail.com"]}
matches_after={"theunknownman997@gmail.com":["mikael.ylirotu@gmail.com","Mikyli@gmail.com"],"mikael.ylirotu@gmail.com":["theunknownman997@gmail.com"],"Mikyli@gmail.com":["theunknownman997@gmail.com"]}
--- 2026-02-05T19:41:42+01:00 ---
session_email=theunknownman997@gmail.com
post_action=skip
post_candidate=mikael.ylirotu@gmail.com
skips_after={"theunknownman997@gmail.com":["mikael.ylirotu@gmail.com","Mikyli@gmail.com"],"Mikyli@gmail.com":["theunknownman997@gmail.com","mikael.ylirotu@gmail.com"]}
--- 2026-02-05T19:41:43+01:00 ---
session_email=theunknownman997@gmail.com
post_action=skip
post_candidate=Mikyli@gmail.com
skips_after={"theunknownman997@gmail.com":["mikael.ylirotu@gmail.com","Mikyli@gmail.com"],"Mikyli@gmail.com":["theunknownman997@gmail.com","mikael.ylirotu@gmail.com"]}
--- 2026-02-05T19:41:43+01:00 ---
session_email=theunknownman997@gmail.com
post_action=skip
post_candidate=mikael.ylirotu@gmail.com
skips_after={"theunknownman997@gmail.com":["mikael.ylirotu@gmail.com","Mikyli@gmail.com"],"Mikyli@gmail.com":["theunknownman997@gmail.com","mikael.ylirotu@gmail.com"]}
--- 2026-02-05T19:41:49+01:00 ---
session_email=Mikyli@gmail.com
post_action=like
post_candidate=theunknownman997@gmail.com
likes_after={"mikael.ylirotu@gmail.com":["theunknownman997@gmail.com"],"theunknownman997@gmail.com":["mikael.ylirotu@gmail.com","Mikyli@gmail.com"],"Mikyli@gmail.com":["theunknownman997@gmail.com","mikael.ylirotu@gmail.com"]}
matches_after={"theunknownman997@gmail.com":["mikael.ylirotu@gmail.com","Mikyli@gmail.com"],"mikael.ylirotu@gmail.com":["theunknownman997@gmail.com"],"Mikyli@gmail.com":["theunknownman997@gmail.com"]}
--- 2026-02-05T19:41:50+01:00 ---
session_email=Mikyli@gmail.com
post_action=like
post_candidate=mikael.ylirotu@gmail.com
likes_after={"mikael.ylirotu@gmail.com":["theunknownman997@gmail.com"],"theunknownman997@gmail.com":["mikael.ylirotu@gmail.com","Mikyli@gmail.com"],"Mikyli@gmail.com":["theunknownman997@gmail.com","mikael.ylirotu@gmail.com"]}
matches_after={"theunknownman997@gmail.com":["mikael.ylirotu@gmail.com","Mikyli@gmail.com"],"mikael.ylirotu@gmail.com":["theunknownman997@gmail.com"],"Mikyli@gmail.com":["theunknownman997@gmail.com"]}
--- 2026-02-05T19:41:51+01:00 ---
session_email=Mikyli@gmail.com
post_action=like
post_candidate=theunknownman997@gmail.com
likes_after={"mikael.ylirotu@gmail.com":["theunknownman997@gmail.com"],"theunknownman997@gmail.com":["mikael.ylirotu@gmail.com","Mikyli@gmail.com"],"Mikyli@gmail.com":["theunknownman997@gmail.com","mikael.ylirotu@gmail.com"]}
matches_after={"theunknownman997@gmail.com":["mikael.ylirotu@gmail.com","Mikyli@gmail.com"],"mikael.ylirotu@gmail.com":["theunknownman997@gmail.com"],"Mikyli@gmail.com":["theunknownman997@gmail.com"]}
--- 2026-02-05T19:41:53+01:00 ---
session_email=Mikyli@gmail.com
post_action=like
post_candidate=mikael.ylirotu@gmail.com
likes_after={"mikael.ylirotu@gmail.com":["theunknownman997@gmail.com"],"theunknownman997@gmail.com":["mikael.ylirotu@gmail.com","Mikyli@gmail.com"],"Mikyli@gmail.com":["theunknownman997@gmail.com","mikael.ylirotu@gmail.com"]}
matches_after={"theunknownman997@gmail.com":["mikael.ylirotu@gmail.com","Mikyli@gmail.com"],"mikael.ylirotu@gmail.com":["theunknownman997@gmail.com"],"Mikyli@gmail.com":["theunknownman997@gmail.com"]}
--- 2026-02-05T19:41:54+01:00 ---
session_email=Mikyli@gmail.com
post_action=like
post_candidate=theunknownman997@gmail.com
likes_after={"mikael.ylirotu@gmail.com":["theunknownman997@gmail.com"],"theunknownman997@gmail.com":["mikael.ylirotu@gmail.com","Mikyli@gmail.com"],"Mikyli@gmail.com":["theunknownman997@gmail.com","mikael.ylirotu@gmail.com"]}
matches_after={"theunknownman997@gmail.com":["mikael.ylirotu@gmail.com","Mikyli@gmail.com"],"mikael.ylirotu@gmail.com":["theunknownman997@gmail.com"],"Mikyli@gmail.com":["theunknownman997@gmail.com"]}
--- 2026-02-05T19:41:54+01:00 ---
session_email=Mikyli@gmail.com
post_action=like
post_candidate=mikael.ylirotu@gmail.com
likes_after={"mikael.ylirotu@gmail.com":["theunknownman997@gmail.com"],"theunknownman997@gmail.com":["mikael.ylirotu@gmail.com","Mikyli@gmail.com"],"Mikyli@gmail.com":["theunknownman997@gmail.com","mikael.ylirotu@gmail.com"]}
matches_after={"theunknownman997@gmail.com":["mikael.ylirotu@gmail.com","Mikyli@gmail.com"],"mikael.ylirotu@gmail.com":["theunknownman997@gmail.com"],"Mikyli@gmail.com":["theunknownman997@gmail.com"]}
--- 2026-02-05T19:41:55+01:00 ---
session_email=Mikyli@gmail.com
post_action=like
post_candidate=theunknownman997@gmail.com
likes_after={"mikael.ylirotu@gmail.com":["theunknownman997@gmail.com"],"theunknownman997@gmail.com":["mikael.ylirotu@gmail.com","Mikyli@gmail.com"],"Mikyli@gmail.com":["theunknownman997@gmail.com","mikael.ylirotu@gmail.com"]}
matches_after={"theunknownman997@gmail.com":["mikael.ylirotu@gmail.com","Mikyli@gmail.com"],"mikael.ylirotu@gmail.com":["theunknownman997@gmail.com"],"Mikyli@gmail.com":["theunknownman997@gmail.com"]}
--- 2026-02-05T19:41:56+01:00 ---
session_email=Mikyli@gmail.com
post_action=like
post_candidate=mikael.ylirotu@gmail.com
likes_after={"mikael.ylirotu@gmail.com":["theunknownman997@gmail.com"],"theunknownman997@gmail.com":["mikael.ylirotu@gmail.com","Mikyli@gmail.com"],"Mikyli@gmail.com":["theunknownman997@gmail.com","mikael.ylirotu@gmail.com"]}
matches_after={"theunknownman997@gmail.com":["mikael.ylirotu@gmail.com","Mikyli@gmail.com"],"mikael.ylirotu@gmail.com":["theunknownman997@gmail.com"],"Mikyli@gmail.com":["theunknownman997@gmail.com"]}
--- 2026-02-05T19:41:57+01:00 ---
session_email=Mikyli@gmail.com
post_action=like
post_candidate=theunknownman997@gmail.com
likes_after={"mikael.ylirotu@gmail.com":["theunknownman997@gmail.com"],"theunknownman997@gmail.com":["mikael.ylirotu@gmail.com","Mikyli@gmail.com"],"Mikyli@gmail.com":["theunknownman997@gmail.com","mikael.ylirotu@gmail.com"]}
matches_after={"theunknownman997@gmail.com":["mikael.ylirotu@gmail.com","Mikyli@gmail.com"],"mikael.ylirotu@gmail.com":["theunknownman997@gmail.com"],"Mikyli@gmail.com":["theunknownman997@gmail.com"]}
--- 2026-02-05T19:42:00+01:00 ---
session_email=Mikyli@gmail.com
post_action=like
post_candidate=mikael.ylirotu@gmail.com
likes_after={"mikael.ylirotu@gmail.com":["theunknownman997@gmail.com"],"theunknownman997@gmail.com":["mikael.ylirotu@gmail.com","Mikyli@gmail.com"],"Mikyli@gmail.com":["theunknownman997@gmail.com","mikael.ylirotu@gmail.com"]}
matches_after={"theunknownman997@gmail.com":["mikael.ylirotu@gmail.com","Mikyli@gmail.com"],"mikael.ylirotu@gmail.com":["theunknownman997@gmail.com"],"Mikyli@gmail.com":["theunknownman997@gmail.com"]}
--- 2026-02-05T19:42:04+01:00 ---
session_email=Mikyli@gmail.com
post_action=like
post_candidate=theunknownman997@gmail.com
likes_after={"mikael.ylirotu@gmail.com":["theunknownman997@gmail.com"],"theunknownman997@gmail.com":["mikael.ylirotu@gmail.com","Mikyli@gmail.com"],"Mikyli@gmail.com":["theunknownman997@gmail.com","mikael.ylirotu@gmail.com"]}
matches_after={"theunknownman997@gmail.com":["mikael.ylirotu@gmail.com","Mikyli@gmail.com"],"mikael.ylirotu@gmail.com":["theunknownman997@gmail.com"],"Mikyli@gmail.com":["theunknownman997@gmail.com"]}
--- 2026-02-05T19:42:04+01:00 ---
session_email=Mikyli@gmail.com
post_action=like
post_candidate=mikael.ylirotu@gmail.com
likes_after={"mikael.ylirotu@gmail.com":["theunknownman997@gmail.com"],"theunknownman997@gmail.com":["mikael.ylirotu@gmail.com","Mikyli@gmail.com"],"Mikyli@gmail.com":["theunknownman997@gmail.com","mikael.ylirotu@gmail.com"]}
matches_after={"theunknownman997@gmail.com":["mikael.ylirotu@gmail.com","Mikyli@gmail.com"],"mikael.ylirotu@gmail.com":["theunknownman997@gmail.com"],"Mikyli@gmail.com":["theunknownman997@gmail.com"]}
--- 2026-02-05T19:42:05+01:00 ---
session_email=Mikyli@gmail.com
post_action=like
post_candidate=theunknownman997@gmail.com
likes_after={"mikael.ylirotu@gmail.com":["theunknownman997@gmail.com"],"theunknownman997@gmail.com":["mikael.ylirotu@gmail.com","Mikyli@gmail.com"],"Mikyli@gmail.com":["theunknownman997@gmail.com","mikael.ylirotu@gmail.com"]}
matches_after={"theunknownman997@gmail.com":["mikael.ylirotu@gmail.com","Mikyli@gmail.com"],"mikael.ylirotu@gmail.com":["theunknownman997@gmail.com"],"Mikyli@gmail.com":["theunknownman997@gmail.com"]}
--- 2026-02-05T19:42:05+01:00 ---
session_email=Mikyli@gmail.com
post_action=like
post_candidate=mikael.ylirotu@gmail.com
likes_after={"mikael.ylirotu@gmail.com":["theunknownman997@gmail.com"],"theunknownman997@gmail.com":["mikael.ylirotu@gmail.com","Mikyli@gmail.com"],"Mikyli@gmail.com":["theunknownman997@gmail.com","mikael.ylirotu@gmail.com"]}
matches_after={"theunknownman997@gmail.com":["mikael.ylirotu@gmail.com","Mikyli@gmail.com"],"mikael.ylirotu@gmail.com":["theunknownman997@gmail.com"],"Mikyli@gmail.com":["theunknownman997@gmail.com"]}
--- 2026-02-05T19:42:06+01:00 ---
session_email=Mikyli@gmail.com
post_action=like
post_candidate=theunknownman997@gmail.com
likes_after={"mikael.ylirotu@gmail.com":["theunknownman997@gmail.com"],"theunknownman997@gmail.com":["mikael.ylirotu@gmail.com","Mikyli@gmail.com"],"Mikyli@gmail.com":["theunknownman997@gmail.com","mikael.ylirotu@gmail.com"]}
matches_after={"theunknownman997@gmail.com":["mikael.ylirotu@gmail.com","Mikyli@gmail.com"],"mikael.ylirotu@gmail.com":["theunknownman997@gmail.com"],"Mikyli@gmail.com":["theunknownman997@gmail.com"]}
--- 2026-02-05T19:42:07+01:00 ---
session_email=Mikyli@gmail.com
post_action=like
post_candidate=mikael.ylirotu@gmail.com
likes_after={"mikael.ylirotu@gmail.com":["theunknownman997@gmail.com"],"theunknownman997@gmail.com":["mikael.ylirotu@gmail.com","Mikyli@gmail.com"],"Mikyli@gmail.com":["theunknownman997@gmail.com","mikael.ylirotu@gmail.com"]}
matches_after={"theunknownman997@gmail.com":["mikael.ylirotu@gmail.com","Mikyli@gmail.com"],"mikael.ylirotu@gmail.com":["theunknownman997@gmail.com"],"Mikyli@gmail.com":["theunknownman997@gmail.com"]}
--- 2026-02-05T19:42:07+01:00 ---
session_email=Mikyli@gmail.com
post_action=like
post_candidate=theunknownman997@gmail.com
likes_after={"mikael.ylirotu@gmail.com":["theunknownman997@gmail.com"],"theunknownman997@gmail.com":["mikael.ylirotu@gmail.com","Mikyli@gmail.com"],"Mikyli@gmail.com":["theunknownman997@gmail.com","mikael.ylirotu@gmail.com"]}
matches_after={"theunknownman997@gmail.com":["mikael.ylirotu@gmail.com","Mikyli@gmail.com"],"mikael.ylirotu@gmail.com":["theunknownman997@gmail.com"],"Mikyli@gmail.com":["theunknownman997@gmail.com"]}
--- 2026-02-05T19:42:08+01:00 ---
session_email=Mikyli@gmail.com
post_action=like
post_candidate=mikael.ylirotu@gmail.com
likes_after={"mikael.ylirotu@gmail.com":["theunknownman997@gmail.com"],"theunknownman997@gmail.com":["mikael.ylirotu@gmail.com","Mikyli@gmail.com"],"Mikyli@gmail.com":["theunknownman997@gmail.com","mikael.ylirotu@gmail.com"]}
matches_after={"theunknownman997@gmail.com":["mikael.ylirotu@gmail.com","Mikyli@gmail.com"],"mikael.ylirotu@gmail.com":["theunknownman997@gmail.com"],"Mikyli@gmail.com":["theunknownman997@gmail.com"]}
--- 2026-02-05T20:22:49+01:00 ---
session_email=theunknownman997@gmail.com
post_action=skip
post_candidate=Mikyli@gmail.com
skips_after={"theunknownman997@gmail.com":["mikael.ylirotu@gmail.com","Mikyli@gmail.com"],"Mikyli@gmail.com":["theunknownman997@gmail.com","mikael.ylirotu@gmail.com"]}
--- 2026-02-05T20:22:50+01:00 ---
session_email=theunknownman997@gmail.com
post_action=skip
post_candidate=mikael.ylirotu@gmail.com
skips_after={"theunknownman997@gmail.com":["mikael.ylirotu@gmail.com","Mikyli@gmail.com"],"Mikyli@gmail.com":["theunknownman997@gmail.com","mikael.ylirotu@gmail.com"]}
--- 2026-02-05T20:22:51+01:00 ---
session_email=theunknownman997@gmail.com
post_action=skip
post_candidate=Mikyli@gmail.com
skips_after={"theunknownman997@gmail.com":["mikael.ylirotu@gmail.com","Mikyli@gmail.com"],"Mikyli@gmail.com":["theunknownman997@gmail.com","mikael.ylirotu@gmail.com"]}
--- 2026-02-05T20:22:52+01:00 ---
session_email=theunknownman997@gmail.com
post_action=skip
post_candidate=mikael.ylirotu@gmail.com
skips_after={"theunknownman997@gmail.com":["mikael.ylirotu@gmail.com","Mikyli@gmail.com"],"Mikyli@gmail.com":["theunknownman997@gmail.com","mikael.ylirotu@gmail.com"]}
--- 2026-02-05T20:22:53+01:00 ---
session_email=theunknownman997@gmail.com
post_action=skip
post_candidate=Mikyli@gmail.com
skips_after={"theunknownman997@gmail.com":["mikael.ylirotu@gmail.com","Mikyli@gmail.com"],"Mikyli@gmail.com":["theunknownman997@gmail.com","mikael.ylirotu@gmail.com"]}
--- 2026-02-05T20:22:53+01:00 ---
session_email=theunknownman997@gmail.com
post_action=skip
post_candidate=mikael.ylirotu@gmail.com
skips_after={"theunknownman997@gmail.com":["mikael.ylirotu@gmail.com","Mikyli@gmail.com"],"Mikyli@gmail.com":["theunknownman997@gmail.com","mikael.ylirotu@gmail.com"]}
--- 2026-02-05T20:22:54+01:00 ---
session_email=theunknownman997@gmail.com
post_action=skip
post_candidate=Mikyli@gmail.com
skips_after={"theunknownman997@gmail.com":["mikael.ylirotu@gmail.com","Mikyli@gmail.com"],"Mikyli@gmail.com":["theunknownman997@gmail.com","mikael.ylirotu@gmail.com"]}
--- 2026-02-05T20:22:55+01:00 ---
session_email=theunknownman997@gmail.com
post_action=skip
post_candidate=mikael.ylirotu@gmail.com
skips_after={"theunknownman997@gmail.com":["mikael.ylirotu@gmail.com","Mikyli@gmail.com"],"Mikyli@gmail.com":["theunknownman997@gmail.com","mikael.ylirotu@gmail.com"]}
